Started GET "/" for ::1 at 2020-07-17 12:17:24 +0300
  
ActiveRecord::PendingMigrationError (

Migrations are pending. To resolve this issue, run:

        bin/rails db:migrate RAILS_ENV=development

):
  
activerecord (5.2.4.3) lib/active_record/migration.rb:579:in `check_pending!'
activerecord (5.2.4.3) lib/active_record/migration.rb:556:in `call'
actionpack (5.2.4.3) lib/action_dispatch/middleware/callbacks.rb:28:in `block in call'
activesupport (5.2.4.3) lib/active_support/callbacks.rb:98:in `run_callbacks'
actionpack (5.2.4.3) lib/action_dispatch/middleware/callbacks.rb:26:in `call'
actionpack (5.2.4.3) lib/action_dispatch/middleware/executor.rb:14:in `call'
actionpack (5.2.4.3) lib/action_dispatch/middleware/debug_exceptions.rb:61:in `call'
web-console (3.7.0) lib/web_console/middleware.rb:135:in `call_app'
web-console (3.7.0) lib/web_console/middleware.rb:30:in `block in call'
web-console (3.7.0) lib/web_console/middleware.rb:20:in `catch'
web-console (3.7.0) lib/web_console/middleware.rb:20:in `call'
actionpack (5.2.4.3) lib/action_dispatch/middleware/show_exceptions.rb:33:in `call'
railties (5.2.4.3) lib/rails/rack/logger.rb:38:in `call_app'
railties (5.2.4.3) lib/rails/rack/logger.rb:26:in `block in call'
activesupport (5.2.4.3) lib/active_support/tagged_logging.rb:71:in `block in tagged'
activesupport (5.2.4.3) lib/active_support/tagged_logging.rb:28:in `tagged'
activesupport (5.2.4.3) lib/active_support/tagged_logging.rb:71:in `tagged'
railties (5.2.4.3) lib/rails/rack/logger.rb:26:in `call'
sprockets-rails (3.2.1) lib/sprockets/rails/quiet_assets.rb:13:in `call'
actionpack (5.2.4.3) lib/action_dispatch/middleware/remote_ip.rb:81:in `call'
actionpack (5.2.4.3) lib/action_dispatch/middleware/request_id.rb:27:in `call'
rack (2.2.3) lib/rack/method_override.rb:24:in `call'
rack (2.2.3) lib/rack/runtime.rb:22:in `call'
activesupport (5.2.4.3) lib/active_support/cache/strategy/local_cache_middleware.rb:29:in `call'
actionpack (5.2.4.3) lib/action_dispatch/middleware/executor.rb:14:in `call'
actionpack (5.2.4.3) lib/action_dispatch/middleware/static.rb:127:in `call'
rack (2.2.3) lib/rack/sendfile.rb:110:in `call'
railties (5.2.4.3) lib/rails/engine.rb:524:in `call'
puma (3.12.6) lib/puma/configuration.rb:227:in `call'
puma (3.12.6) lib/puma/server.rb:706:in `handle_request'
puma (3.12.6) lib/puma/server.rb:476:in `process_client'
puma (3.12.6) lib/puma/server.rb:334:in `block in run'
puma (3.12.6) lib/puma/thread_pool.rb:135:in `block in spawn_thread'
Started GET "/users/new" for ::1 at 2020-07-17 12:17:36 +0300
  
ActiveRecord::PendingMigrationError (

Migrations are pending. To resolve this issue, run:

        bin/rails db:migrate RAILS_ENV=development

):
  
activerecord (5.2.4.3) lib/active_record/migration.rb:579:in `check_pending!'
activerecord (5.2.4.3) lib/active_record/migration.rb:556:in `call'
actionpack (5.2.4.3) lib/action_dispatch/middleware/callbacks.rb:28:in `block in call'
activesupport (5.2.4.3) lib/active_support/callbacks.rb:98:in `run_callbacks'
actionpack (5.2.4.3) lib/action_dispatch/middleware/callbacks.rb:26:in `call'
actionpack (5.2.4.3) lib/action_dispatch/middleware/executor.rb:14:in `call'
actionpack (5.2.4.3) lib/action_dispatch/middleware/debug_exceptions.rb:61:in `call'
web-console (3.7.0) lib/web_console/middleware.rb:135:in `call_app'
web-console (3.7.0) lib/web_console/middleware.rb:30:in `block in call'
web-console (3.7.0) lib/web_console/middleware.rb:20:in `catch'
web-console (3.7.0) lib/web_console/middleware.rb:20:in `call'
actionpack (5.2.4.3) lib/action_dispatch/middleware/show_exceptions.rb:33:in `call'
railties (5.2.4.3) lib/rails/rack/logger.rb:38:in `call_app'
railties (5.2.4.3) lib/rails/rack/logger.rb:26:in `block in call'
activesupport (5.2.4.3) lib/active_support/tagged_logging.rb:71:in `block in tagged'
activesupport (5.2.4.3) lib/active_support/tagged_logging.rb:28:in `tagged'
activesupport (5.2.4.3) lib/active_support/tagged_logging.rb:71:in `tagged'
railties (5.2.4.3) lib/rails/rack/logger.rb:26:in `call'
sprockets-rails (3.2.1) lib/sprockets/rails/quiet_assets.rb:13:in `call'
actionpack (5.2.4.3) lib/action_dispatch/middleware/remote_ip.rb:81:in `call'
actionpack (5.2.4.3) lib/action_dispatch/middleware/request_id.rb:27:in `call'
rack (2.2.3) lib/rack/method_override.rb:24:in `call'
rack (2.2.3) lib/rack/runtime.rb:22:in `call'
activesupport (5.2.4.3) lib/active_support/cache/strategy/local_cache_middleware.rb:29:in `call'
actionpack (5.2.4.3) lib/action_dispatch/middleware/executor.rb:14:in `call'
actionpack (5.2.4.3) lib/action_dispatch/middleware/static.rb:127:in `call'
rack (2.2.3) lib/rack/sendfile.rb:110:in `call'
railties (5.2.4.3) lib/rails/engine.rb:524:in `call'
puma (3.12.6) lib/puma/configuration.rb:227:in `call'
puma (3.12.6) lib/puma/server.rb:706:in `handle_request'
puma (3.12.6) lib/puma/server.rb:476:in `process_client'
puma (3.12.6) lib/puma/server.rb:334:in `block in run'
puma (3.12.6) lib/puma/thread_pool.rb:135:in `block in spawn_thread'
  [1m[35m (0.2ms)[0m  [1m[34mSELECT sqlite_version(*)[0m
  ↳ bin/rails:9
  [1m[35m (90.2ms)[0m  [1m[35mCREATE TABLE "schema_migrations" ("version" varchar NOT NULL PRIMARY KEY)[0m
  ↳ bin/rails:9
  [1m[35m (91.1ms)[0m  [1m[35mCREATE TABLE "ar_internal_metadata" ("key" varchar NOT NULL PRIMARY KEY, "value" varchar, "created_at" datetime NOT NULL, "updated_at" datetime NOT NULL)[0m
  ↳ bin/rails:9
  [1m[35m (0.2ms)[0m  [1m[34mSELECT "schema_migrations"."version" FROM "schema_migrations" ORDER BY "schema_migrations"."version" ASC[0m
  ↳ bin/rails:9
Migrating to CreateUsers (20200717083535)
  [1m[35m (0.1ms)[0m  [1m[36mbegin transaction[0m
  ↳ bin/rails:9
  [1m[35m (2.9ms)[0m  [1m[35mCREATE TABLE "users" ("id" integer PRIMARY KEY AUTOINCREMENT NOT NULL, "username" varchar, "created_at" datetime NOT NULL, "updated_at" datetime NOT NULL)[0m
  ↳ db/migrate/20200717083535_create_users.rb:3
  [1m[36mActiveRecord::SchemaMigration Create (0.4ms)[0m  [1m[32mINSERT INTO "schema_migrations" ("version") VALUES (?)[0m  [["version", "20200717083535"]]
  ↳ bin/rails:9
  [1m[35m (86.8ms)[0m  [1m[36mcommit transaction[0m
  ↳ bin/rails:9
  [1m[36mActiveRecord::InternalMetadata Load (0.4ms)[0m  [1m[34mSELECT  "ar_internal_metadata".* FROM "ar_internal_metadata" WHERE "ar_internal_metadata"."key" = ? LIMIT ?[0m  [["key", "environment"], ["LIMIT", 1]]
  ↳ bin/rails:9
  [1m[35m (0.2ms)[0m  [1m[36mbegin transaction[0m
  ↳ bin/rails:9
  [1m[36mActiveRecord::InternalMetadata Create (1.7ms)[0m  [1m[32mINSERT INTO "ar_internal_metadata" ("key", "value", "created_at", "updated_at") VALUES (?, ?, ?, ?)[0m  [["key", "environment"], ["value", "development"], ["created_at", "2020-07-17 09:18:04.176829"], ["updated_at", "2020-07-17 09:18:04.176829"]]
  ↳ bin/rails:9
  [1m[35m (49.0ms)[0m  [1m[36mcommit transaction[0m
  ↳ bin/rails:9
  [1m[35m (0.2ms)[0m  [1m[34mSELECT "schema_migrations"."version" FROM "schema_migrations" ORDER BY "schema_migrations"."version" ASC[0m
  ↳ bin/rails:9
Started GET "/users/new" for ::1 at 2020-07-17 12:18:09 +0300
  [1m[35m (0.3ms)[0m  [1m[34mSELECT "schema_migrations"."version" FROM "schema_migrations" ORDER BY "schema_migrations"."version" ASC[0m
  ↳ /home/hillary/.rbenv/versions/2.6.5/lib/ruby/gems/2.6.0/gems/activerecord-5.2.4.3/lib/active_record/log_subscriber.rb:98
Processing by UsersController#new as HTML
  Rendering users/new.html.erb within layouts/application
  Rendered users/new.html.erb within layouts/application (59.8ms)
Completed 200 OK in 3655ms (Views: 3630.3ms | ActiveRecord: 1.0ms)


Started GET "/users/new" for ::1 at 2020-07-17 12:21:20 +0300
Processing by UsersController#new as HTML
  Rendering users/new.html.erb within layouts/application
  Rendered users/_form.html.erb (1.1ms)
  Rendered users/new.html.erb within layouts/application (3.1ms)
Completed 200 OK in 34ms (Views: 33.0ms | ActiveRecord: 0.0ms)


Started GET "/users/show" for ::1 at 2020-07-17 12:21:33 +0300
Processing by UsersController#show as HTML
  Parameters: {"id"=>"show"}
  Rendering users/show.html.erb within layouts/application
  Rendered users/show.html.erb within layouts/application (0.5ms)
Completed 200 OK in 35ms (Views: 31.5ms | ActiveRecord: 0.0ms)


Started GET "/users/new" for ::1 at 2020-07-17 12:22:02 +0300
Processing by UsersController#new as HTML
  Rendering users/new.html.erb within layouts/application
  Rendered users/_form.html.erb (3.5ms)
  Rendered users/new.html.erb within layouts/application (6.9ms)
Completed 200 OK in 51ms (Views: 49.6ms | ActiveRecord: 0.0ms)


Started GET "/users/new" for ::1 at 2020-07-17 12:40:53 +0300
Processing by UsersController#new as HTML
  Rendering users/new.html.erb within layouts/application
  Rendered users/_form.html.erb (3.3ms)
  Rendered users/new.html.erb within layouts/application (6.4ms)
Completed 200 OK in 172ms (Views: 147.2ms | ActiveRecord: 11.6ms)


Started GET "/users/new" for ::1 at 2020-07-17 12:48:22 +0300
Processing by UsersController#new as HTML
  Rendering users/new.html.erb within layouts/application
  Rendered users/_form.html.erb (5.6ms)
  Rendered users/new.html.erb within layouts/application (7.7ms)
Completed 200 OK in 62ms (Views: 40.7ms | ActiveRecord: 2.1ms)


Started POST "/users" for ::1 at 2020-07-17 12:48:29 +0300
Processing by UsersController#create as HTML
  Parameters: {"utf8"=>"✓", "authenticity_token"=>"4C6VkWB2xoEx2wZ5YMgP77miAVLAXwzeqQxi7dKHVNZiUaL06UYnkWGmrI1Ap+mn08BqHGV85enALvhAWJRCAQ==", "user"=>{"username"=>"hillary"}, "commit"=>"Submit"}
  [1m[35m (0.1ms)[0m  [1m[36mbegin transaction[0m
  ↳ app/controllers/users_controller.rb:8
  [1m[36mUser Create (68.6ms)[0m  [1m[32mINSERT INTO "users" ("username", "created_at", "updated_at") VALUES (?, ?, ?)[0m  [["username", "hillary"], ["created_at", "2020-07-17 09:48:29.620525"], ["updated_at", "2020-07-17 09:48:29.620525"]]
  ↳ app/controllers/users_controller.rb:8
  [1m[35m (295.6ms)[0m  [1m[36mcommit transaction[0m
  ↳ app/controllers/users_controller.rb:8
Redirected to http://localhost:3000/users/new
Completed 302 Found in 373ms (ActiveRecord: 364.3ms)


Started GET "/users/new" for ::1 at 2020-07-17 12:48:30 +0300
Processing by UsersController#new as HTML
  Rendering users/new.html.erb within layouts/application
  Rendered users/_form.html.erb (1.3ms)
  Rendered users/new.html.erb within layouts/application (4.8ms)
Completed 200 OK in 39ms (Views: 35.9ms | ActiveRecord: 0.0ms)


  [1m[36mUser Load (1.0ms)[0m  [1m[34mSELECT  "users".* FROM "users" LIMIT ?[0m  [["LIMIT", 11]]
Started GET "/users/new" for ::1 at 2020-07-17 12:55:56 +0300
Processing by UsersController#new as HTML
  Rendering users/new.html.erb within layouts/application
  Rendered users/_form.html.erb (0.8ms)
  Rendered users/new.html.erb within layouts/application (7.8ms)
Completed 500 Internal Server Error in 17ms (ActiveRecord: 0.0ms)


  
SyntaxError (/home/hillary/Desktop/private_events/app/views/users/_form.html.erb:7: syntax error, unexpected '<'
<%= form_for @user do |f| 
^
/home/hillary/Desktop/private_events/app/views/users/_form.html.erb:8: syntax error, unexpected '(', expecting end
@output_buffer.append=( f.label :username, 'Your use...
                      ^
/home/hillary/Desktop/private_events/app/views/users/_form.html.erb:8: syntax error, unexpected ')', expecting end
...l :username, 'Your username:' );@output_buffer.safe_append='
...                              ^
/home/hillary/Desktop/private_events/app/views/users/_form.html.erb:13: syntax error, unexpected ensure, expecting end-of-input
          ensure
          ^~~~~~):
  
app/views/users/_form.html.erb:7: syntax error, unexpected '<'
app/views/users/_form.html.erb:8: syntax error, unexpected '(', expecting end
app/views/users/_form.html.erb:8: syntax error, unexpected ')', expecting end
app/views/users/_form.html.erb:13: syntax error, unexpected ensure, expecting end-of-input
app/views/users/new.html.erb:1:in `_app_views_users_new_html_erb__4400554541905837500_70266101923920'
Started GET "/users/new" for ::1 at 2020-07-17 12:56:35 +0300
Processing by UsersController#new as HTML
  Rendering users/new.html.erb within layouts/application
  Rendered users/_form.html.erb (1.5ms)
  Rendered users/new.html.erb within layouts/application (2.8ms)
Completed 200 OK in 83ms (Views: 81.5ms | ActiveRecord: 0.0ms)


Started POST "/users" for ::1 at 2020-07-17 12:56:40 +0300
Processing by UsersController#create as HTML
  Parameters: {"utf8"=>"✓", "authenticity_token"=>"q/CY18K8/PjtjfNHYrvykbrGDItLg8YoZcLzD0fTgVUpj6+yS4wd6L3wWbNC1BTZ0KRnxe6gLx8M4GmizcCXgg==", "user"=>{"username"=>"hasan"}, "commit"=>"Submit"}
  [1m[35m (0.1ms)[0m  [1m[36mbegin transaction[0m
  ↳ app/controllers/users_controller.rb:8
  [1m[36mUser Create (0.6ms)[0m  [1m[32mINSERT INTO "users" ("username", "created_at", "updated_at") VALUES (?, ?, ?)[0m  [["username", "hasan"], ["created_at", "2020-07-17 09:56:40.726689"], ["updated_at", "2020-07-17 09:56:40.726689"]]
  ↳ app/controllers/users_controller.rb:8
  [1m[35m (89.9ms)[0m  [1m[36mcommit transaction[0m
  ↳ app/controllers/users_controller.rb:8
Redirected to http://localhost:3000/users/new
Completed 302 Found in 98ms (ActiveRecord: 90.6ms)


Started GET "/users/new" for ::1 at 2020-07-17 12:56:40 +0300
Processing by UsersController#new as HTML
  Rendering users/new.html.erb within layouts/application
  Rendered users/_form.html.erb (1.6ms)
  Rendered users/new.html.erb within layouts/application (2.7ms)
Completed 200 OK in 65ms (Views: 63.9ms | ActiveRecord: 0.0ms)


